<?xml version="1.0" encoding="UTF-8"?>
<!-- Generated by org.testng.reporters.JUnitReportReporter -->
<testsuite skipped="0" hostname="DSCPS-26" name="testCases.Iris_Application" tests="2" failures="0" timestamp="2019-11-22T04:38:29 PST" time="92.545" errors="0">
  <testcase name="loginPage" time="15.795" classname="testCases.Iris_Application"/>
  <testcase name="CicaApplication" time="76.750" classname="testCases.Iris_Application"/>
</testsuite> <!-- testCases.Iris_Application -->
