<?xml version="1.0" encoding="UTF-8"?>
<!-- Generated by org.testng.reporters.JUnitReportReporter -->
<testsuite skipped="0" hostname="DSCPS-26" name="testCases.cica_Application" tests="8" failures="0" timestamp="2020-02-04T01:58:41 PST" time="159.207" errors="0">
  <testcase name="cicaApplication" time="26.488" classname="testCases.cica_Application"/>
  <testcase name="editApplication" time="9.747" classname="testCases.cica_Application"/>
  <testcase name="newApplication" time="40.458" classname="testCases.cica_Application"/>
  <testcase name="programType" time="26.063" classname="testCases.cica_Application"/>
  <testcase name="edit_ProjGenInfo" time="22.168" classname="testCases.cica_Application"/>
  <testcase name="loginPage" time="25.994" classname="testCases.cica_Application"/>
  <testcase name="memberName" time="7.020" classname="testCases.cica_Application"/>
  <testcase name="creditType" time="1.269" classname="testCases.cica_Application"/>
</testsuite> <!-- testCases.cica_Application -->
